<?xml version="1.0" encoding="UTF-8"?>
<testng-results skipped="0" failed="0" total="3" passed="3">
  <reporter-output>
  </reporter-output>
  <suite name="Default suite" duration-ms="3637" started-at="2017-03-01T04:35:43Z" finished-at="2017-03-01T04:35:47Z">
    <groups>
    </groups>
    <test name="Default test" duration-ms="3637" started-at="2017-03-01T04:35:43Z" finished-at="2017-03-01T04:35:47Z">
      <class name="Test">
        <test-method status="PASS" signature="launch()[pri:0, instance:Test@791d1f8b]" name="launch" is-config="true" duration-ms="3152" started-at="2017-03-01T10:05:43Z" finished-at="2017-03-01T10:05:47Z">
          <reporter-output>
          </reporter-output>
        </test-method> <!-- launch -->
        <test-method status="PASS" signature="creatUser()[pri:0, instance:Test@791d1f8b]" name="creatUser" duration-ms="5" started-at="2017-03-01T10:05:47Z" finished-at="2017-03-01T10:05:47Z">
          <reporter-output>
          </reporter-output>
        </test-method> <!-- creatUser -->
        <test-method status="PASS" signature="login()[pri:0, instance:Test@791d1f8b]" name="login" is-config="true" duration-ms="0" started-at="2017-03-01T10:05:47Z" finished-at="2017-03-01T10:05:47Z">
          <reporter-output>
          </reporter-output>
        </test-method> <!-- login -->
        <test-method status="PASS" signature="logout()[pri:0, instance:Test@791d1f8b]" name="logout" is-config="true" duration-ms="1" started-at="2017-03-01T10:05:47Z" finished-at="2017-03-01T10:05:47Z">
          <reporter-output>
          </reporter-output>
        </test-method> <!-- logout -->
        <test-method status="PASS" signature="login()[pri:0, instance:Test@791d1f8b]" name="login" is-config="true" duration-ms="0" started-at="2017-03-01T10:05:47Z" finished-at="2017-03-01T10:05:47Z">
          <reporter-output>
          </reporter-output>
        </test-method> <!-- login -->
        <test-method status="PASS" signature="deleteUser()[pri:0, instance:Test@791d1f8b]" name="deleteUser" duration-ms="1" started-at="2017-03-01T10:05:47Z" finished-at="2017-03-01T10:05:47Z">
          <reporter-output>
          </reporter-output>
        </test-method> <!-- deleteUser -->
        <test-method status="PASS" signature="logout()[pri:0, instance:Test@791d1f8b]" name="logout" is-config="true" duration-ms="1" started-at="2017-03-01T10:05:47Z" finished-at="2017-03-01T10:05:47Z">
          <reporter-output>
          </reporter-output>
        </test-method> <!-- logout -->
        <test-method status="PASS" signature="login()[pri:0, instance:Test@791d1f8b]" name="login" is-config="true" duration-ms="0" started-at="2017-03-01T10:05:47Z" finished-at="2017-03-01T10:05:47Z">
          <reporter-output>
          </reporter-output>
        </test-method> <!-- login -->
        <test-method status="PASS" signature="editUser()[pri:0, instance:Test@791d1f8b]" name="editUser" duration-ms="1" started-at="2017-03-01T10:05:47Z" finished-at="2017-03-01T10:05:47Z">
          <reporter-output>
          </reporter-output>
        </test-method> <!-- editUser -->
        <test-method status="PASS" signature="logout()[pri:0, instance:Test@791d1f8b]" name="logout" is-config="true" duration-ms="0" started-at="2017-03-01T10:05:47Z" finished-at="2017-03-01T10:05:47Z">
          <reporter-output>
          </reporter-output>
        </test-method> <!-- logout -->
        <test-method status="PASS" signature="close()[pri:0, instance:Test@791d1f8b]" name="close" is-config="true" duration-ms="458" started-at="2017-03-01T10:05:47Z" finished-at="2017-03-01T10:05:47Z">
          <reporter-output>
          </reporter-output>
        </test-method> <!-- close -->
      </class> <!-- Test -->
    </test> <!-- Default test -->
  </suite> <!-- Default suite -->
</testng-results>
